app/proguard-rules.pro
-keep class com.scanner.overlay.** { *; }
-dontwarn com.google.mlkit.**
-keep class com.google.mlkit.** { *; }