app/build/outputs/mapping/release/seeds.txt
com.scanner.overlay.settings.ComposableSingletons$SettingsScreenKt$lambda-7$1
com.scanner.overlay.settings.SettingsScreenKt$TimeoutCard$1$1$2$4$1$1
com.scanner.overlay.overlay.OverlayActivityKt$CameraPreview$2$1
com.scanner.overlay.ScannerApp_GeneratedInjector
com.scanner.overlay.accessibility.Hilt_ScannerAccessibilityService
com.scanner.overlay.ScannerApp_HiltComponents$ActivityRetainedCBuilderModule
com.scanner.overlay.ScannerApp_HiltComponents$ViewModelC$Builder
com.scanner.overlay.overlay.OverlayActivityKt$OverlayContent$7$3$1
com.scanner.overlay.settings.SettingsViewModel_HiltModules_KeyModule_ProvideFactory
com.scanner.overlay.DaggerScannerApp_HiltComponents_SingletonC$ActivityRetainedCImpl
com.scanner.overlay.ScannerApp_HiltComponents$ActivityRetainedC
com.scanner.overlay.DaggerScannerApp_HiltComponents_SingletonC$ViewCBuilder
com.scanner.overlay.settings.ComposableSingletons$SettingsScreenKt$lambda-2$1
com.scanner.overlay.update.AutoUpdateManager
com.scanner.overlay.DaggerScannerApp_HiltComponents_SingletonC$ActivityCBuilder
com.scanner.overlay.update.UpdateInfo
com.scanner.overlay.ScannerApp_HiltComponents$ViewWithFragmentC$Builder
com.scanner.overlay.overlay.ComposableSingletons$OverlayActivityKt$lambda-3$1
com.scanner.overlay.ScannerApp_HiltComponents
com.scanner.overlay.ScannerApp_HiltComponents$ActivityC$Builder
com.scanner.overlay.settings.SettingsScreenKt$UpdateCard$2
com.scanner.overlay.settings.ComposableSingletons$SettingsScreenKt$lambda-6$1
com.scanner.overlay.DaggerScannerApp_HiltComponents_SingletonC$ServiceCBuilder
com.scanner.overlay.settings.SettingsScreenKt$UpdateCard$1$1
com.scanner.overlay.BuildConfig
com.scanner.overlay.R$xml
com.scanner.overlay.settings.SettingsScreenKt$TimeoutCard$1$1$2$2
com.scanner.overlay.DaggerScannerApp_HiltComponents_SingletonC$FragmentCImpl
com.scanner.overlay.settings.SettingsScreenKt$UpdateCard$3$5
com.scanner.overlay.R$mipmap
com.scanner.overlay.accessibility.ScannerAccessibilityService
com.scanner.overlay.settings.ComposableSingletons$SettingsScreenKt
com.scanner.overlay.settings.UpdateUiState$Error
com.scanner.overlay.R
com.scanner.overlay.overlay.OverlayActivity
com.scanner.overlay.accessibility.ScannerAccessibilityService$Companion
com.scanner.overlay.service.ScannerForegroundService
com.scanner.overlay.service.FloatingScanButton$Companion
com.scanner.overlay.Hilt_MainActivity$1
com.scanner.overlay.settings.UpdateUiState$Checking
com.scanner.overlay.DaggerScannerApp_HiltComponents_SingletonC$ActivityCImpl$LazyClassKeyProvider
com.scanner.overlay.DaggerScannerApp_HiltComponents_SingletonC$ServiceCImpl
com.scanner.overlay.overlay.OverlayActivity$onCreate$1$1
com.scanner.overlay.Hilt_ScannerApp
com.scanner.overlay.ScannerApp_HiltComponents$ViewWithFragmentC
com.scanner.overlay.overlay.ComposableSingletons$OverlayActivityKt$lambda-4$1
com.scanner.overlay.ScannerApp_HiltComponents$FragmentCBuilderModule
com.scanner.overlay.DaggerScannerApp_HiltComponents_SingletonC$ViewModelCImpl
com.scanner.overlay.settings.SettingsScreenKt$StatusCard$1
com.scanner.overlay.DaggerScannerApp_HiltComponents_SingletonC$ViewModelCBuilder
com.scanner.overlay.settings.SettingsScreenKt$TimeoutCard$1$1$2$4
com.scanner.overlay.scanner.ScannerResult$Error
com.scanner.overlay.settings.SettingsScreenKt$UpdateCard$3$3
com.scanner.overlay.settings.SettingsScreenKt
com.scanner.overlay.scanner.ScannerResult
com.scanner.overlay.settings.SettingsScreenKt$SettingsScreen$lambda$5$lambda$4$$inlined$onDispose$1
com.scanner.overlay.DaggerScannerApp_HiltComponents_SingletonC$ActivityCImpl
com.scanner.overlay.di.AppModule
com.scanner.overlay.settings.SettingsScreenKt$TimeoutCard$1$1$2
com.scanner.overlay.overlay.OverlayViewModel_HiltModules
com.scanner.overlay.service.ScannerForegroundService_MembersInjector
com.scanner.overlay.settings.ComposableSingletons$SettingsScreenKt$lambda-8$1
com.scanner.overlay.MainActivity_GeneratedInjector
com.scanner.overlay.settings.SettingsScreenKt$TimeoutCard$1
...
androidx.compose.ui.platform.AbstractComposeView: boolean getShowLayoutBounds()
kotlinx.coroutines.selects.TrySelectDetailedResult: kotlinx.coroutines.selects.TrySelectDetailedResult[] values()
androidx.core.view.WindowInsetsCompat$Impl: androidx.core.graphics.Insets getSystemWindowInsets()
androidx.appcompat.widget.ContentFrameLayout: android.util.TypedValue getMinWidthMinor()
androidx.vectordrawable.graphics.drawable.VectorDrawableCompat$VGroup: void setScaleX(float)
kotlin.coroutines.intrinsics.CoroutineSingletons: kotlin.coroutines.intrinsics.CoroutineSingletons valueOf(java.lang.String)
com.google.mlkit.common.model.LocalModel$Builder: com.google.mlkit.common.model.LocalModel$Builder setAbsoluteManifestFilePath(java.lang.String)
com.google.mlkit.vision.barcode.common.Barcode$CalendarDateTime: int getYear()
androidx.camera.core.ImageProcessingUtil: int nativeShiftPixel(java.nio.ByteBuffer,int,java.nio.ByteBuffer,int,java.nio.ByteBuffer,int,int,int,int,int,int,int,int)
com.google.mlkit.common.sdkinternal.model.CustomModelLoader$CustomModelLoaderHelper: void logLoad()
androidx.lifecycle.Lifecycle$Event: androidx.lifecycle.Lifecycle$Event[] values()
androidx.compose.ui.scrollcapture.ScrollCapture: void onScrollCaptureSearch(android.view.View,androidx.compose.ui.semantics.SemanticsOwner,kotlin.coroutines.CoroutineContext,java.util.function.Consumer)
androidx.appcompat.widget.AppCompatTextView: int getAutoSizeMinTextSize()
androidx.camera.camera2.internal.compat.quirk.Preview3AThreadCrashQuirk: Preview3AThreadCrashQuirk()
com.google.mlkit.vision.barcode.common.Barcode$PersonName: java.lang.String getFormattedName()
com.google.mlkit.common.internal.model.ModelUtils$ModelLoggingInfo: java.lang.String getHash()
androidx.camera.camera2.internal.compat.quirk.ImageCaptureFailWithAutoFlashQuirk: ImageCaptureFailWithAutoFlashQuirk()
androidx.compose.foundation.text.input.internal.HandwritingGestureApi34: int performSelectGesture(androidx.compose.foundation.text.LegacyTextFieldState,android.view.inputmethod.SelectGesture,androidx.compose.foundation.text.selection.TextFieldSelectionManager,kotlin.jvm.functions.Function1)
androidx.appcompat.widget.ActionBarContextView: ActionBarContextView(android.content.Context,android.util.AttributeSet)
com.google.mlkit.vision.barcode.internal.zzk: com.google.android.gms.internal.mlkit_vision_barcode.zzwe zza(java.lang.Object,int,com.google.android.gms.internal.mlkit_vision_barcode.zzqd)
androidx.appcompat.widget.Toolbar: java.lang.CharSequence getNavigationContentDescription()
androidx.lifecycle.ReportFragment$LifecycleCallbacks: void onActivityPostStarted(android.app.Activity)
androidx.camera.view.internal.compat.quirk.SurfaceViewNotCroppedByParentQuirk: SurfaceViewNotCroppedByParentQuirk()
androidx.core.view.WindowInsetsCompat$Impl20: boolean isVisible(int)
com.google.mlkit.vision.barcode.internal.zzg: com.google.mlkit.vision.barcode.internal.zzh zza()
com.google.mlkit.common.sdkinternal.CommonUtils: CommonUtils()
androidx.vectordrawable.graphics.drawable.VectorDrawableCompat$VFullPath: float getTrimPathStart()
com.google.mlkit.vision.barcode.common.Barcode: java.lang.String getDisplayValue()
androidx.appcompat.widget.Toolbar: void setLogoDescription(java.lang.CharSequence)
androidx.appcompat.widget.Toolbar: android.content.Context getPopupContext()
androidx.lifecycle.ViewModel: void addCloseable(java.io.Closeable)
com.google.mlkit.common.sdkinternal.model.LocalModelLoader: java.nio.MappedByteBuffer load()
kotlin.collections.AbstractList: AbstractList()
androidx.camera.core.impl.SurfaceConfig$ConfigType: androidx.camera.core.impl.SurfaceConfig$ConfigType valueOf(java.lang.String)
com.google.mlkit.common.sdkinternal.ModelInfo: java.lang.String getModelHash()
com.google.mlkit.vision.common.InputImage: com.google.mlkit.vision.common.InputImage fromBitmap(android.graphics.Bitmap,int)