app/build/outputs/mapping/release/usage.txt
com.scanner.overlay.DaggerScannerApp_HiltComponents_SingletonC$ActivityCBuilder-IA
com.scanner.overlay.DaggerScannerApp_HiltComponents_SingletonC$ActivityCImpl$LazyClassKeyProvider:
    static void <clinit>()
com.scanner.overlay.DaggerScannerApp_HiltComponents_SingletonC$ActivityCImpl-IA
com.scanner.overlay.DaggerScannerApp_HiltComponents_SingletonC$ActivityRetainedCBuilder-IA
com.scanner.overlay.DaggerScannerApp_HiltComponents_SingletonC$ActivityRetainedCImpl-IA
com.scanner.overlay.DaggerScannerApp_HiltComponents_SingletonC$Builder-IA
com.scanner.overlay.DaggerScannerApp_HiltComponents_SingletonC$FragmentCBuilder-IA
com.scanner.overlay.DaggerScannerApp_HiltComponents_SingletonC$FragmentCImpl-IA
com.scanner.overlay.DaggerScannerApp_HiltComponents_SingletonC$ServiceCBuilder-IA
com.scanner.overlay.DaggerScannerApp_HiltComponents_SingletonC$ServiceCImpl-IA
com.scanner.overlay.DaggerScannerApp_HiltComponents_SingletonC$SingletonCImpl-IA
com.scanner.overlay.DaggerScannerApp_HiltComponents_SingletonC$ViewCBuilder-IA
com.scanner.overlay.DaggerScannerApp_HiltComponents_SingletonC$ViewCImpl-IA
com.scanner.overlay.DaggerScannerApp_HiltComponents_SingletonC$ViewModelCBuilder-IA
com.scanner.overlay.DaggerScannerApp_HiltComponents_SingletonC$ViewModelCImpl$LazyClassKeyProvider:
    static void <clinit>()
com.scanner.overlay.DaggerScannerApp_HiltComponents_SingletonC$ViewModelCImpl-IA
com.scanner.overlay.DaggerScannerApp_HiltComponents_SingletonC$ViewWithFragmentCBuilder-IA
com.scanner.overlay.DaggerScannerApp_HiltComponents_SingletonC$ViewWithFragmentCImpl-IA
com.scanner.overlay.MainActivity:
    static void <clinit>()
com.scanner.overlay.ScannerApp:
    static void <clinit>()
com.scanner.overlay.overlay.OverlayActivity:
    static void <clinit>()
com.scanner.overlay.overlay.OverlayViewModel$OverlayState$Success:
    static void <clinit>()
com.scanner.overlay.overlay.OverlayViewModel:
    static void <clinit>()
com.scanner.overlay.scanner.BarcodeAnalyzer:
    static void <clinit>()
com.scanner.overlay.scanner.BarcodeOverlayData:
    static void <clinit>()
com.scanner.overlay.scanner.ScannerResult$Error:
    static void <clinit>()
com.scanner.overlay.scanner.ScannerResult$Success:
    static void <clinit>()
com.scanner.overlay.settings.UpdateUiState$Available:
    static void <clinit>()
com.scanner.overlay.settings.UpdateUiState$Error:
    static void <clinit>()
com.scanner.overlay.update.UpdateInfo:
    static void <clinit>()
com.scanner.overlay.update.UpdateResult$Available:
    static void <clinit>()
com.scanner.overlay.update.UpdateResult$Error:
    static void <clinit>()
...
com.google.android.gms.internal.mlkit_common.zzs
com.google.android.gms.internal.mlkit_common.zzsa
com.google.android.gms.internal.mlkit_common.zzsb
com.google.android.gms.internal.mlkit_common.zzsh:
    public static java.lang.String zza()
    public static void zzb()
    public static void zzc()
    public final void zzd(com.google.android.gms.internal.mlkit_common.zzsk,com.google.android.gms.internal.mlkit_common.zzmv)
    public final void zzg(com.google.android.gms.internal.mlkit_common.zzsk,com.google.mlkit.common.model.RemoteModel,com.google.android.gms.internal.mlkit_common.zzrx)
    public final java.lang.String zzj()
com.google.android.gms.internal.mlkit_common.zzsi
com.google.android.gms.internal.mlkit_common.zzsj
com.google.android.gms.internal.mlkit_common.zzsk:
    public static com.google.android.gms.internal.mlkit_common.zzsk zza()
    public static com.google.android.gms.internal.mlkit_common.zzsk zzb()
    public static com.google.android.gms.internal.mlkit_common.zzsk zzc()
    public static java.lang.String zzd()
    public static byte[] zze()
    public static com.google.android.gms.internal.mlkit_common.zzsk zzf(com.google.android.gms.internal.mlkit_common.zzmw)
com.google.android.gms.internal.mlkit_common.zzsq
com.google.android.gms.internal.mlkit_common.zzt:
    public static void zzc(java.lang.Object,java.lang.String)
    public static void zze(boolean)
com.google.android.gms.internal.mlkit_common.zzw
com.google.android.gms.internal.mlkit_common.zzz
com.google.android.gms.internal.mlkit_vision_barcode.zzaj:
    public static void zzd()
    public static com.google.android.gms.internal.mlkit_vision_barcode.zzu[] zzf()
com.google.android.gms.internal.mlkit_vision_barcode.zzam:
    public abstract com.google.android.gms.internal.mlkit_vision_barcode.zzaj zzd(com.google.android.gms.dynamic.ObjectWrapper,com.google.android.gms.internal.mlkit_vision_barcode.zzah)
com.google.android.gms.internal.mlkit_vision_barcode.zzas
com.google.android.gms.internal.mlkit_vision_barcode.zzau
com.google.android.gms.internal.mlkit_vision_barcode.zzav:
    public static com.google.android.gms.internal.mlkit_vision_barcode.zzav zza()
com.google.android.gms.internal.mlkit_vision_barcode.zzaw
com.google.android.gms.internal.mlkit_vision_barcode.zzay
com.google.android.gms.internal.mlkit_vision_barcode.zzaz:
    public static void zzb(int,int)
    public static void zzc()
    public static void zzd(boolean)
com.google.android.gms.internal.mlkit_vision_barcode.zzbe:
    public abstract java.util.ArrayList zza()
    public abstract java.util.Collection zzb()
    public abstract java.util.Collection zzc()
    public abstract java.util.List zze()
    public abstract java.util.List zzf()
    public abstract int zzh()
    public abstract java.util.Collection zzi()
    public synthetic bridge abstract java.util.Collection zzj()
    public final com.google.android.gms.internal.mlkit_vision_barcode.zzbq zzj$com$google$android$gms$internal$mlkit_vision_barcode$zzbr(java.lang.Object)
    public synthetic bridge abstract java.util.Collection zzk()
    public abstract java.util.Iterator zzl()
    public final com.google.android.gms.internal.mlkit_vision_barcode.zzbq zzm(java.lang.Object,java.util.List,com.google.android.gms.internal.mlkit_vision_barcode.zzbq)
    public abstract java.util.Map zzo()
    public abstract java.util.Set zzp()
com.google.android.gms.internal.mlkit_vision_barcode.zzbf:
    public static java.lang.Object zza()
com.google.android.gms.internal.mlkit_vision_barcode.zzbg:
    public static java.util.Map zza()
com.google.android.gms.internal.mlkit_vision_barcode.zzbi:
    public static java.util.Set zzb()
com.google.android.gms.internal.mlkit_vision_barcode.zzbj
com.google.android.gms.internal.mlkit_vision_barcode.zzbo
com.google.android.gms.internal.mlkit_vision_barcode.zzbr
com.google.android.gms.internal.mlkit_vision_barcode.zzbt:
    public static com.google.android.gms.internal.mlkit_vision_barcode.zzdg zza()